<?xml version="1.0" encoding="UTF-8"?>
<Site BuildName="(empty)"
	BuildStamp="20250703-0057-Experimental"
	Name="david-ubuntu"
	Generator="ctest-3.22.1"
	CompilerName="/usr/bin/g++"
	CompilerVersion="11.4.0"
	OSName="Linux"
	Hostname="david-ubuntu"
	OSRelease="6.8.0-60-generic"
	OSVersion="#63~22.04.1-Ubuntu SMP PREEMPT_DYNAMIC Tue Apr 22 19:00:15 UTC 2"
	OSPlatform="x86_64"
	Is64Bits="1"
	VendorString="AuthenticAMD"
	VendorID="Advanced Micro Devices"
	FamilyID="23"
	ModelID="96"
	ProcessorCacheSize="512"
	NumberOfLogicalCPU="12"
	NumberOfPhysicalCPU="6"
	TotalVirtualMemory="2047"
	TotalPhysicalMemory="15346"
	LogicalProcessorsPerPhysical="2"
	ProcessorClockFrequency="3992.47"
	>
	<Testing>
		<StartDateTime>Jul 03 18:28 -05</StartDateTime>
		<StartTestTime>1751585282</StartTestTime>
		<TestList/>
		<EndDateTime>Jul 03 18:28 -05</EndDateTime>
		<EndTestTime>1751585282</EndTestTime>
		<ElapsedMinutes>0</ElapsedMinutes>
	</Testing>
</Site>
